==========================================
        Word Sketch Lucene v1.0.0         
==========================================

Starting API server...
Index: d:\corpus_74m\index-hybrid
Port: 8080

Endpoints:
  GET  /health - Health check
  GET  /sketch/{lemma} - Get word sketch
  POST /sketch/query - Custom CQL query

Press Ctrl+C to stop the server.

Detected HYBRID index at: d:\corpus_74m\index-hybrid
API server started on http://localhost:8080
Endpoints:
  GET  /health                 - Health check
  GET  /api/relations          - List available grammatical relations
  GET  /api/sketch/{lemma}     - Get full word sketch
  POST /api/sketch/query       - Execute custom CQL pattern
  GET  /api/semantic-field/explore - Explore semantic class from seed word
  GET  /api/semantic-field     - Compare adjective profiles across nouns
  GET  /api/semantic-field/examples - Get examples for adjective-noun pair
  GET  /api/concordance/examples - Get concordance examples for word pair
  GET/POST /api/algorithm      - Get/set algorithm (SAMPLE_SCAN, SPAN_COUNT, PRECOMPUTED)

Shutting down...
API server stopped
