==========================================
[main] INFO pl.marcinmilkowski.word_sketch.Main - Starting Word Sketch Lucene application...
        Word Sketch Lucene v1.0.0         
==========================================

Starting API server...
Index: d:\corpus_74m\index-hybrid
Collocations: d:\corpus_74m\collocations_v2.bin
Port: 8080

Endpoints:
  GET  /health - Health check
  GET  /sketch/{lemma} - Get word sketch
  POST /sketch/query - Custom CQL query

Press Ctrl+C to stop the server.

lut 03, 2026 5:27:55 PM org.apache.lucene.internal.vectorization.VectorizationProvider lookup
WARNING: Java vector incubator module is not readable. For optimal vector performance, pass '--add-modules jdk.incubator.vector' to enable Vector API.
Detected HYBRID index at: d:\corpus_74m\index-hybrid
[main] INFO pl.marcinmilkowski.word_sketch.indexer.hybrid.StatisticsReader - Statistics loaded: 4411310 lemmas, 1026282709 tokens from d:\corpus_74m\index-hybrid/stats.bin
[main] INFO pl.marcinmilkowski.word_sketch.query.HybridQueryExecutor - Loaded term statistics from: d:\corpus_74m\index-hybrid/stats.bin
[main] INFO pl.marcinmilkowski.word_sketch.indexer.hybrid.CollocationsReader - Loaded collocations from d:\corpus_74m\index-hybrid/collocations.bin
[main] INFO pl.marcinmilkowski.word_sketch.indexer.hybrid.CollocationsReader -   Entries: 547651
[main] INFO pl.marcinmilkowski.word_sketch.indexer.hybrid.CollocationsReader -   Window size: 5
[main] INFO pl.marcinmilkowski.word_sketch.indexer.hybrid.CollocationsReader -   Top-K: 100
[main] INFO pl.marcinmilkowski.word_sketch.indexer.hybrid.CollocationsReader -   Memory usage: 706 MB
[main] INFO pl.marcinmilkowski.word_sketch.query.HybridQueryExecutor - Loaded precomputed collocations: 547651 entries
[main] INFO pl.marcinmilkowski.word_sketch.query.HybridQueryExecutor - HybridQueryExecutor initialized with 62795516 sentences
[main] WARN pl.marcinmilkowski.word_sketch.query.HybridQueryExecutor - Collocations file not found: d:\corpus_74m\collocations_v2.bin
API server started on http://localhost:8080
Endpoints:
  GET  /health                 - Health check
  GET  /api/relations          - List available grammatical relations
  GET  /api/sketch/{lemma}     - Get full word sketch
  POST /api/sketch/query       - Execute custom CQL pattern
  GET  /api/semantic-field/explore - Explore semantic class from seed word
  GET  /api/semantic-field     - Compare adjective profiles across nouns
  GET  /api/semantic-field/examples - Get examples for adjective-noun pair
  GET  /api/concordance/examples - Get concordance examples for word pair
  GET/POST /api/algorithm      - Get/set algorithm (SAMPLE_SCAN, SPAN_COUNT, PRECOMPUTED)
[HTTP-Dispatcher] INFO pl.marcinmilkowski.word_sketch.query.ConcordanceExplorer - Fetched 0 concordance examples for 'house' + 'big' (scanned 0 docs out of 100000 total)
[HTTP-Dispatcher] INFO pl.marcinmilkowski.word_sketch.query.ConcordanceExplorer - Fetched 0 concordance examples for 'house' + 'big' (scanned 0 docs out of 100000 total)
[HTTP-Dispatcher] INFO pl.marcinmilkowski.word_sketch.query.ConcordanceExplorer - Fetched 0 concordance examples for 'big' + 'house' (scanned 0 docs out of 100000 total)
